#
# There is insufficient memory for the Java Runtime Environment to continue.
# Native memory allocation (malloc) failed to allocate 2099344 bytes. Error detail: Chunk::new
# Possible reasons:
#   The system is out of physical RAM or swap space
#   This process is running with CompressedOops enabled, and the Java Heap may be blocking the growth of the native heap
# Possible solutions:
#   Reduce memory load on the system
#   Increase physical memory or swap space
#   Check if swap backing store is full
#   Decrease Java heap size (-Xmx/-Xms)
#   Decrease number of Java threads
#   Decrease Java thread stack sizes (-Xss)
#   Set larger code cache with -XX:ReservedCodeCacheSize=
#   JVM is running with Unscaled Compressed Oops mode in which the Java heap is
#     placed in the first 4GB address space. The Java Heap base address is the
#     maximum limit for the native heap growth. Please use -XX:HeapBaseMinAddress
#     to set the Java Heap base and to place the Java Heap above 4GB virtual address.
# This output file may be truncated or incomplete.
#
#  Out of Memory Error (arena.cpp:168), pid=17984, tid=22412
#
# JRE version: OpenJDK Runtime Environment (21.0.8) (build 21.0.8+-14196175-b1038.72)
# Java VM: OpenJDK 64-Bit Server VM (21.0.8+-14196175-b1038.72, mixed mode, tiered, compressed oops, compressed class ptrs, g1 gc, windows-amd64)
# No core dump will be written. Minidumps are not enabled by default on client versions of Windows
#

---------------  S U M M A R Y ------------

Command Line: --add-opens=java.base/java.lang=ALL-UNNAMED --add-opens=java.base/java.lang.invoke=ALL-UNNAMED --add-opens=java.base/java.util=ALL-UNNAMED --add-opens=java.prefs/java.util.prefs=ALL-UNNAMED --add-exports=jdk.compiler/com.sun.tools.javac.api=ALL-UNNAMED --add-exports=jdk.compiler/com.sun.tools.javac.util=ALL-UNNAMED --add-opens=java.base/java.util=ALL-UNNAMED --add-opens=java.prefs/java.util.prefs=ALL-UNNAMED --add-opens=java.base/java.nio.charset=ALL-UNNAMED --add-opens=java.base/java.net=ALL-UNNAMED --add-opens=java.base/java.util.concurrent.atomic=ALL-UNNAMED --add-opens=java.xml/javax.xml.namespace=ALL-UNNAMED -Xmx2048m -Dfile.encoding=UTF-8 -Duser.country=CL -Duser.language=es -Duser.variant -javaagent:C:\Users\dell\.gradle\wrapper\dists\gradle-9.0-milestone-1-bin\3vdepk4s12bybhohyuvjcm1bd\gradle-9.0-milestone-1\lib\agents\gradle-instrumentation-agent-9.0.jar org.gradle.launcher.daemon.bootstrap.GradleDaemon 9.0-milestone-1

Host: 11th Gen Intel(R) Core(TM) i7-1185G7 @ 3.00GHz, 8 cores, 15G,  Windows 11 , 64 bit Build 26100 (10.0.26100.8246)
Time: Mon Apr 27 16:49:20 2026 Hora est. Sudamérica Pacífico elapsed time: 4.996219 seconds (0d 0h 0m 4s)

---------------  T H R E A D  ---------------

Current thread (0x0000022f994b0f00):  JavaThread "C2 CompilerThread0" daemon [_thread_in_native, id=22412, stack(0x000000ebe0600000,0x000000ebe0700000) (1024K)]


Current CompileTask:
C2:4996 3802       4       java.net.URLClassLoader$1::run (5 bytes)

Stack: [0x000000ebe0600000,0x000000ebe0700000]
Native frames: (J=compiled Java code, j=interpreted, Vv=VM code, C=native code)
V  [jvm.dll+0x6d68d9]
V  [jvm.dll+0x866693]
V  [jvm.dll+0x868c4e]
V  [jvm.dll+0x869333]
V  [jvm.dll+0x280566]
V  [jvm.dll+0xc07cd]
V  [jvm.dll+0xc0d03]
V  [jvm.dll+0x3b961b]
V  [jvm.dll+0x385507]
V  [jvm.dll+0x38497a]
V  [jvm.dll+0x249252]
V  [jvm.dll+0x248821]
V  [jvm.dll+0x1c73a4]
V  [jvm.dll+0x257f9e]
V  [jvm.dll+0x2564e6]
V  [jvm.dll+0x3f4696]
V  [jvm.dll+0x80eac8]
V  [jvm.dll+0x6d512d]
C  [ucrtbase.dll+0x37b0]
C  [KERNEL32.DLL+0x2e8d7]
C  [ntdll.dll+0x8c3fc]


---------------  P R O C E S S  ---------------

Threads class SMR info:
_java_thread_list=0x0000022fa193bd40, length=36, elements={
0x0000022f81c4de00, 0x0000022f99442900, 0x0000022f99443720, 0x0000022f99443d90,
0x0000022f9948a840, 0x0000022f99471b50, 0x0000022f99498200, 0x0000022f994a0880,
0x0000022f994b0f00, 0x0000022f994b7d90, 0x0000022f99759640, 0x0000022f9ff3d490,
0x0000022fa0115a00, 0x0000022fa0151ec0, 0x0000022fa01995f0, 0x0000022fa0181c90,
0x0000022fa035b690, 0x0000022fa01d4700, 0x0000022fa01d5420, 0x0000022fa01d5ab0,
0x0000022fa01d4d90, 0x0000022fa01d6140, 0x0000022fa01d3350, 0x0000022fa03f8c60,
0x0000022fa01d67d0, 0x0000022fa01d4070, 0x0000022fa167d1a0, 0x0000022fa1680cb0,
0x0000022fa167e550, 0x0000022fa167d830, 0x0000022fa167ebe0, 0x0000022fa167f900,
0x0000022fa1681340, 0x0000022fa167dec0, 0x0000022fa167ff90, 0x0000022fa164e150
}

Java Threads: ( => current thread )
  0x0000022f81c4de00 JavaThread "main"                              [_thread_blocked, id=6764, stack(0x000000ebdf700000,0x000000ebdf800000) (1024K)]
  0x0000022f99442900 JavaThread "Common-Cleaner"             daemon [_thread_blocked, id=27608, stack(0x000000ebdff00000,0x000000ebe0000000) (1024K)]
  0x0000022f99443720 JavaThread "Reference Handler"          daemon [_thread_blocked, id=22096, stack(0x000000ebe0000000,0x000000ebe0100000) (1024K)]
  0x0000022f99443d90 JavaThread "Finalizer"                  daemon [_thread_blocked, id=10604, stack(0x000000ebe0100000,0x000000ebe0200000) (1024K)]
  0x0000022f9948a840 JavaThread "Signal Dispatcher"          daemon [_thread_blocked, id=16248, stack(0x000000ebe0200000,0x000000ebe0300000) (1024K)]
  0x0000022f99471b50 JavaThread "Attach Listener"            daemon [_thread_blocked, id=7636, stack(0x000000ebe0300000,0x000000ebe0400000) (1024K)]
  0x0000022f99498200 JavaThread "Service Thread"             daemon [_thread_blocked, id=20284, stack(0x000000ebe0400000,0x000000ebe0500000) (1024K)]
  0x0000022f994a0880 JavaThread "Monitor Deflation Thread"   daemon [_thread_blocked, id=18460, stack(0x000000ebe0500000,0x000000ebe0600000) (1024K)]
=>0x0000022f994b0f00 JavaThread "C2 CompilerThread0"         daemon [_thread_in_native, id=22412, stack(0x000000ebe0600000,0x000000ebe0700000) (1024K)]
  0x0000022f994b7d90 JavaThread "C1 CompilerThread0"         daemon [_thread_in_native, id=17520, stack(0x000000ebe0700000,0x000000ebe0800000) (1024K)]
  0x0000022f99759640 JavaThread "Notification Thread"        daemon [_thread_blocked, id=11376, stack(0x000000ebe0800000,0x000000ebe0900000) (1024K)]
  0x0000022f9ff3d490 JavaThread "Daemon health stats"               [_thread_blocked, id=6444, stack(0x000000ebe0f00000,0x000000ebe1000000) (1024K)]
  0x0000022fa0115a00 JavaThread "Incoming local TCP Connector on port 55995"        [_thread_in_native, id=23596, stack(0x000000ebe1000000,0x000000ebe1100000) (1024K)]
  0x0000022fa0151ec0 JavaThread "Daemon periodic checks"            [_thread_blocked, id=15176, stack(0x000000ebe1100000,0x000000ebe1200000) (1024K)]
  0x0000022fa01995f0 JavaThread "Daemon"                            [_thread_blocked, id=6132, stack(0x000000ebe1200000,0x000000ebe1300000) (1024K)]
  0x0000022fa0181c90 JavaThread "Handler for socket connection from /127.0.0.1:55995 to /127.0.0.1:55996"        [_thread_in_native, id=14508, stack(0x000000ebe1300000,0x000000ebe1400000) (1024K)]
  0x0000022fa035b690 JavaThread "Cancel handler"                    [_thread_blocked, id=25656, stack(0x000000ebe1400000,0x000000ebe1500000) (1024K)]
  0x0000022fa01d4700 JavaThread "Daemon worker"                     [_thread_in_native, id=21260, stack(0x000000ebe1500000,0x000000ebe1600000) (1024K)]
  0x0000022fa01d5420 JavaThread "Asynchronous log dispatcher for DefaultDaemonConnection: socket connection from /127.0.0.1:55995 to /127.0.0.1:55996"        [_thread_blocked, id=684, stack(0x000000ebe1600000,0x000000ebe1700000) (1024K)]
  0x0000022fa01d5ab0 JavaThread "Stdin handler"                     [_thread_blocked, id=25952, stack(0x000000ebe1700000,0x000000ebe1800000) (1024K)]
  0x0000022fa01d4d90 JavaThread "Daemon client event forwarder"        [_thread_blocked, id=6208, stack(0x000000ebe1800000,0x000000ebe1900000) (1024K)]
  0x0000022fa01d6140 JavaThread "Cache worker for journal cache (C:\Users\dell\.gradle\caches\journal-1)"        [_thread_blocked, id=23752, stack(0x000000ebe0900000,0x000000ebe0a00000) (1024K)]
  0x0000022fa01d3350 JavaThread "File lock request listener"        [_thread_in_native, id=22708, stack(0x000000ebe0e00000,0x000000ebe0f00000) (1024K)]
  0x0000022fa03f8c60 JavaThread "C2 CompilerThread1"         daemon [_thread_in_native, id=6252, stack(0x000000ebe1d00000,0x000000ebe1e00000) (1024K)]
  0x0000022fa01d67d0 JavaThread "Cache worker for file hash cache (C:\Users\dell\.gradle\caches\9.0-milestone-1\fileHashes)"        [_thread_blocked, id=27288, stack(0x000000ebe1e00000,0x000000ebe1f00000) (1024K)]
  0x0000022fa01d4070 JavaThread "Cache worker for file hash cache (C:\Users\dell\Documents\SIS_Control_Proyecto_v2\mobile\.gradle\9.0-milestone-1\fileHashes)"        [_thread_blocked, id=24116, stack(0x000000ebe1f00000,0x000000ebe2000000) (1024K)]
  0x0000022fa167d1a0 JavaThread "Cache worker for Build Output Cleanup Cache (C:\Users\dell\Documents\SIS_Control_Proyecto_v2\mobile\.gradle\buildOutputCleanup)"        [_thread_blocked, id=7124, stack(0x000000ebe2000000,0x000000ebe2100000) (1024K)]
  0x0000022fa1680cb0 JavaThread "File watcher server"        daemon [_thread_in_native, id=20412, stack(0x000000ebe2100000,0x000000ebe2200000) (1024K)]
  0x0000022fa167e550 JavaThread "File watcher consumer"      daemon [_thread_blocked, id=8920, stack(0x000000ebe2200000,0x000000ebe2300000) (1024K)]
  0x0000022fa167d830 JavaThread "Cache worker for checksums cache (C:\Users\dell\Documents\SIS_Control_Proyecto_v2\mobile\.gradle\9.0-milestone-1\checksums)"        [_thread_blocked, id=13108, stack(0x000000ebe2300000,0x000000ebe2400000) (1024K)]
  0x0000022fa167ebe0 JavaThread "Cache worker for file content cache (C:\Users\dell\.gradle\caches\9.0-milestone-1\fileContent)"        [_thread_blocked, id=4256, stack(0x000000ebe2400000,0x000000ebe2500000) (1024K)]
  0x0000022fa167f900 JavaThread "Cache worker for cache directory md-supplier (C:\Users\dell\.gradle\caches\9.0-milestone-1\md-supplier)"        [_thread_blocked, id=16124, stack(0x000000ebe2500000,0x000000ebe2600000) (1024K)]
  0x0000022fa1681340 JavaThread "Cache worker for cache directory md-rule (C:\Users\dell\.gradle\caches\9.0-milestone-1\md-rule)"        [_thread_blocked, id=2620, stack(0x000000ebe2600000,0x000000ebe2700000) (1024K)]
  0x0000022fa167dec0 JavaThread "jar transforms"                    [_thread_blocked, id=26704, stack(0x000000ebe2700000,0x000000ebe2800000) (1024K)]
  0x0000022fa167ff90 JavaThread "jar transforms Thread 2"           [_thread_blocked, id=27592, stack(0x000000ebe2800000,0x000000ebe2900000) (1024K)]
  0x0000022fa164e150 JavaThread "C2 CompilerThread2"         daemon [_thread_in_native, id=24072, stack(0x000000ebe2900000,0x000000ebe2a00000) (1024K)]
Total: 36

Other Threads:
  0x0000022f9934a370 VMThread "VM Thread"                           [id=14184, stack(0x000000ebdfe00000,0x000000ebdff00000) (1024K)]
  0x0000022f993e0da0 WatcherThread "VM Periodic Task Thread"        [id=20212, stack(0x000000ebdfd00000,0x000000ebdfe00000) (1024K)]
  0x0000022f81ca5f20 WorkerThread "GC Thread#0"                     [id=5304, stack(0x000000ebdf800000,0x000000ebdf900000) (1024K)]
  0x0000022f997564c0 WorkerThread "GC Thread#1"                     [id=12280, stack(0x000000ebe0a00000,0x000000ebe0b00000) (1024K)]
  0x0000022f99756860 WorkerThread "GC Thread#2"                     [id=25916, stack(0x000000ebe0b00000,0x000000ebe0c00000) (1024K)]
  0x0000022f9e1a8fd0 WorkerThread "GC Thread#3"                     [id=16300, stack(0x000000ebe0c00000,0x000000ebe0d00000) (1024K)]
  0x0000022f9e1a9370 WorkerThread "GC Thread#4"                     [id=28300, stack(0x000000ebe0d00000,0x000000ebe0e00000) (1024K)]
  0x0000022f9f801a10 WorkerThread "GC Thread#5"                     [id=29296, stack(0x000000ebe1900000,0x000000ebe1a00000) (1024K)]
  0x0000022f9f801670 WorkerThread "GC Thread#6"                     [id=23228, stack(0x000000ebe1a00000,0x000000ebe1b00000) (1024K)]
  0x0000022f9f8012d0 WorkerThread "GC Thread#7"                     [id=5352, stack(0x000000ebe1b00000,0x000000ebe1c00000) (1024K)]
  0x0000022fff77c120 ConcurrentGCThread "G1 Main Marker"            [id=8936, stack(0x000000ebdf900000,0x000000ebdfa00000) (1024K)]
  0x0000022fff77e550 WorkerThread "G1 Conc#0"                       [id=11828, stack(0x000000ebdfa00000,0x000000ebdfb00000) (1024K)]
  0x0000022f9f8000b0 WorkerThread "G1 Conc#1"                       [id=17292, stack(0x000000ebe1c00000,0x000000ebe1d00000) (1024K)]
  0x0000022f992575e0 ConcurrentGCThread "G1 Refine#0"               [id=21784, stack(0x000000ebdfb00000,0x000000ebdfc00000) (1024K)]
  0x0000022f99257b10 ConcurrentGCThread "G1 Service"                [id=3572, stack(0x000000ebdfc00000,0x000000ebdfd00000) (1024K)]
Total: 15

Threads with active compile tasks:
C2 CompilerThread0  5018 3802       4       java.net.URLClassLoader$1::run (5 bytes)
C2 CompilerThread1  5018 3816   !   4       java.net.URLClassLoader::findClass (47 bytes)
C2 CompilerThread2  5018 3838 %     4       jdk.internal.loader.URLClassPath::getResource @ 39 (74 bytes)
Total: 3

VM state: not at safepoint (normal execution)

VM Mutex/Monitor currently owned by a thread: None

Heap address: 0x0000000080000000, size: 2048 MB, Compressed Oops mode: 32-bit

CDS archive(s) not mapped
Compressed class space mapped at: 0x0000000100000000-0x0000000140000000, reserved size: 1073741824
Narrow klass base: 0x0000000000000000, Narrow klass shift: 3, Narrow klass range: 0x140000000

GC Precious Log:
 CardTable entry size: 512
 Card Set container configuration: InlinePtr #cards 5 size 8 Array Of Cards #cards 12 size 40 Howl #buckets 4 coarsen threshold 1843 Howl Bitmap #cards 512 size 80 coarsen threshold 460 Card regions per heap region 1 cards per card region 2048
 CPUs: 8 total, 8 available
 Memory: 15761M
 Large Page Support: Disabled
 NUMA Support: Disabled
 Compressed Oops: Enabled (32-bit)
 Heap Region Size: 1M
 Heap Min Capacity: 8M
 Heap Initial Capacity: 248M
 Heap Max Capacity: 2G
 Pre-touch: Disabled
 Parallel Workers: 8
 Concurrent Workers: 2
 Concurrent Refinement Workers: 8
 Periodic GC: Disabled

Heap:
 garbage-first heap   total 71680K, used 55051K [0x0000000080000000, 0x0000000100000000)
  region size 1024K, 31 young (31744K), 4 survivors (4096K)
 Metaspace       used 43506K, committed 44800K, reserved 1114112K
  class space    used 6290K, committed 6912K, reserved 1048576K

Heap Regions: E=young(eden), S=young(survivor), O=old, HS=humongous(starts), HC=humongous(continues), CS=collection set, F=free, TAMS=top-at-mark-start, PB=parsable bottom
|   0|0x0000000080000000, 0x0000000080100000, 0x0000000080100000|100%|HS|  |TAMS 0x0000000080000000| PB 0x0000000080000000| Complete 
|   1|0x0000000080100000, 0x0000000080200000, 0x0000000080200000|100%|HC|  |TAMS 0x0000000080100000| PB 0x0000000080100000| Complete 
|   2|0x0000000080200000, 0x0000000080300000, 0x0000000080300000|100%|HC|  |TAMS 0x0000000080200000| PB 0x0000000080200000| Complete 
|   3|0x0000000080300000, 0x0000000080400000, 0x0000000080400000|100%| O|  |TAMS 0x0000000080300000| PB 0x0000000080300000| Untracked 
|   4|0x0000000080400000, 0x0000000080500000, 0x0000000080500000|100%| O|  |TAMS 0x0000000080400000| PB 0x0000000080400000| Untracked 
|   5|0x0000000080500000, 0x0000000080600000, 0x0000000080600000|100%| O|  |TAMS 0x0000000080500000| PB 0x0000000080500000| Untracked 
|   6|0x0000000080600000, 0x0000000080700000, 0x0000000080700000|100%|HS|  |TAMS 0x0000000080600000| PB 0x0000000080600000| Complete 
|   7|0x0000000080700000, 0x0000000080800000, 0x0000000080800000|100%| O|  |TAMS 0x0000000080700000| PB 0x0000000080700000| Untracked 
|   8|0x0000000080800000, 0x0000000080900000, 0x0000000080900000|100%| O|  |TAMS 0x0000000080800000| PB 0x0000000080800000| Untracked 
|   9|0x0000000080900000, 0x0000000080a00000, 0x0000000080a00000|100%| O|  |TAMS 0x0000000080900000| PB 0x0000000080900000| Untracked 
|  10|0x0000000080a00000, 0x0000000080b00000, 0x0000000080b00000|100%| O|  |TAMS 0x0000000080a00000| PB 0x0000000080a00000| Untracked 
|  11|0x0000000080b00000, 0x0000000080c00000, 0x0000000080c00000|100%| O|  |TAMS 0x0000000080b00000| PB 0x0000000080b00000| Untracked 
|  12|0x0000000080c00000, 0x0000000080d00000, 0x0000000080d00000|100%| O|  |TAMS 0x0000000080c00000| PB 0x0000000080c00000| Untracked 
|  13|0x0000000080d00000, 0x0000000080e00000, 0x0000000080e00000|100%| O|  |TAMS 0x0000000080d00000| PB 0x0000000080d00000| Untracked 
|  14|0x0000000080e00000, 0x0000000080f00000, 0x0000000080f00000|100%| O|  |TAMS 0x0000000080e00000| PB 0x0000000080e00000| Untracked 
|  15|0x0000000080f00000, 0x0000000081000000, 0x0000000081000000|100%| O|  |TAMS 0x0000000080f00000| PB 0x0000000080f00000| Untracked 
|  16|0x0000000081000000, 0x0000000081100000, 0x0000000081100000|100%| O|  |TAMS 0x0000000081000000| PB 0x0000000081000000| Untracked 
|  17|0x0000000081100000, 0x0000000081200000, 0x0000000081200000|100%| O|  |TAMS 0x0000000081100000| PB 0x0000000081100000| Untracked 
|  18|0x0000000081200000, 0x0000000081300000, 0x0000000081300000|100%| O|  |TAMS 0x0000000081200000| PB 0x0000000081200000| Untracked 
|  19|0x0000000081300000, 0x0000000081400000, 0x0000000081400000|100%| O|  |TAMS 0x0000000081300000| PB 0x0000000081300000| Untracked 
|  20|0x0000000081400000, 0x0000000081500000, 0x0000000081500000|100%| O|Cm|TAMS 0x0000000081400000| PB 0x0000000081400000| Complete 
|  21|0x0000000081500000, 0x0000000081600000, 0x0000000081600000|100%| O|  |TAMS 0x0000000081500000| PB 0x0000000081500000| Untracked 
|  22|0x0000000081600000, 0x0000000081700000, 0x0000000081700000|100%| O|  |TAMS 0x0000000081600000| PB 0x0000000081600000| Untracked 
|  23|0x0000000081700000, 0x00000000817d9e90, 0x0000000081800000| 85%| O|  |TAMS 0x0000000081700000| PB 0x0000000081700000| Untracked 
|  24|0x0000000081800000, 0x0000000081800000, 0x0000000081900000|  0%| F|  |TAMS 0x0000000081800000| PB 0x0000000081800000| Untracked 
|  25|0x0000000081900000, 0x0000000081900000, 0x0000000081a00000|  0%| F|  |TAMS 0x0000000081900000| PB 0x0000000081900000| Untracked 
|  26|0x0000000081a00000, 0x0000000081a00000, 0x0000000081b00000|  0%| F|  |TAMS 0x0000000081a00000| PB 0x0000000081a00000| Untracked 
|  27|0x0000000081b00000, 0x0000000081b00000, 0x0000000081c00000|  0%| F|  |TAMS 0x0000000081b00000| PB 0x0000000081b00000| Untracked 
|  28|0x0000000081c00000, 0x0000000081c00000, 0x0000000081d00000|  0%| F|  |TAMS 0x0000000081c00000| PB 0x0000000081c00000| Untracked 
|  29|0x0000000081d00000, 0x0000000081de8df0, 0x0000000081e00000| 90%| S|CS|TAMS 0x0000000081d00000| PB 0x0000000081d00000| Complete 
|  30|0x0000000081e00000, 0x0000000081f00000, 0x0000000081f00000|100%| S|CS|TAMS 0x0000000081e00000| PB 0x0000000081e00000| Complete 
|  31|0x0000000081f00000, 0x0000000081f00000, 0x0000000082000000|  0%| F|  |TAMS 0x0000000081f00000| PB 0x0000000081f00000| Untracked 
|  32|0x0000000082000000, 0x0000000082000000, 0x0000000082100000|  0%| F|  |TAMS 0x0000000082000000| PB 0x0000000082000000| Untracked 
|  33|0x0000000082100000, 0x0000000082200000, 0x0000000082200000|100%| S|CS|TAMS 0x0000000082100000| PB 0x0000000082100000| Complete 
|  34|0x0000000082200000, 0x0000000082300000, 0x0000000082300000|100%| S|CS|TAMS 0x0000000082200000| PB 0x0000000082200000| Complete 
|  35|0x0000000082300000, 0x0000000082300000, 0x0000000082400000|  0%| F|  |TAMS 0x0000000082300000| PB 0x0000000082300000| Untracked 
|  36|0x0000000082400000, 0x0000000082400000, 0x0000000082500000|  0%| F|  |TAMS 0x0000000082400000| PB 0x0000000082400000| Untracked 
|  37|0x0000000082500000, 0x0000000082500000, 0x0000000082600000|  0%| F|  |TAMS 0x0000000082500000| PB 0x0000000082500000| Untracked 
|  38|0x0000000082600000, 0x0000000082600000, 0x0000000082700000|  0%| F|  |TAMS 0x0000000082600000| PB 0x0000000082600000| Untracked 
|  39|0x0000000082700000, 0x0000000082700000, 0x0000000082800000|  0%| F|  |TAMS 0x0000000082700000| PB 0x0000000082700000| Untracked 
|  40|0x0000000082800000, 0x0000000082800000, 0x0000000082900000|  0%| F|  |TAMS 0x0000000082800000| PB 0x0000000082800000| Untracked 
|  41|0x0000000082900000, 0x0000000082900000, 0x0000000082a00000|  0%| F|  |TAMS 0x0000000082900000| PB 0x0000000082900000| Untracked 
|  42|0x0000000082a00000, 0x0000000082a00000, 0x0000000082b00000|  0%| F|  |TAMS 0x0000000082a00000| PB 0x0000000082a00000| Untracked 
|  43|0x0000000082b00000, 0x0000000082c00000, 0x0000000082c00000|100%| E|  |TAMS 0x0000000082b00000| PB 0x0000000082b00000| Complete 
|  44|0x0000000082c00000, 0x0000000082d00000, 0x0000000082d00000|100%| E|CS|TAMS 0x0000000082c00000| PB 0x0000000082c00000| Complete 
|  45|0x0000000082d00000, 0x0000000082e00000, 0x0000000082e00000|100%| E|CS|TAMS 0x0000000082d00000| PB 0x0000000082d00000| Complete 
|  46|0x0000000082e00000, 0x0000000082f00000, 0x0000000082f00000|100%| E|CS|TAMS 0x0000000082e00000| PB 0x0000000082e00000| Complete 
|  47|0x0000000082f00000, 0x0000000083000000, 0x0000000083000000|100%| E|CS|TAMS 0x0000000082f00000| PB 0x0000000082f00000| Complete 
|  48|0x0000000083000000, 0x0000000083100000, 0x0000000083100000|100%| E|CS|TAMS 0x0000000083000000| PB 0x0000000083000000| Complete 
|  49|0x0000000083100000, 0x0000000083200000, 0x0000000083200000|100%| E|CS|TAMS 0x0000000083100000| PB 0x0000000083100000| Complete 
|  50|0x0000000083200000, 0x0000000083300000, 0x0000000083300000|100%| E|CS|TAMS 0x0000000083200000| PB 0x0000000083200000| Complete 
|  51|0x0000000083300000, 0x0000000083400000, 0x0000000083400000|100%| E|CS|TAMS 0x0000000083300000| PB 0x0000000083300000| Complete 
|  52|0x0000000083400000, 0x0000000083500000, 0x0000000083500000|100%| E|CS|TAMS 0x0000000083400000| PB 0x0000000083400000| Complete 
|  53|0x0000000083500000, 0x0000000083600000, 0x0000000083600000|100%| E|CS|TAMS 0x0000000083500000| PB 0x0000000083500000| Complete 
|  54|0x0000000083600000, 0x0000000083700000, 0x0000000083700000|100%| E|CS|TAMS 0x0000000083600000| PB 0x0000000083600000| Complete 
| 148|0x0000000089400000, 0x0000000089500000, 0x0000000089500000|100%| E|CS|TAMS 0x0000000089400000| PB 0x0000000089400000| Complete 
| 149|0x0000000089500000, 0x0000000089600000, 0x0000000089600000|100%| E|CS|TAMS 0x0000000089500000| PB 0x0000000089500000| Complete 
| 150|0x0000000089600000, 0x0000000089700000, 0x0000000089700000|100%| E|CS|TAMS 0x0000000089600000| PB 0x0000000089600000| Complete 
| 151|0x0000000089700000, 0x0000000089800000, 0x0000000089800000|100%| E|CS|TAMS 0x0000000089700000| PB 0x0000000089700000| Complete 
| 152|0x0000000089800000, 0x0000000089900000, 0x0000000089900000|100%| E|CS|TAMS 0x0000000089800000| PB 0x0000000089800000| Complete 
| 153|0x0000000089900000, 0x0000000089a00000, 0x0000000089a00000|100%| E|CS|TAMS 0x0000000089900000| PB 0x0000000089900000| Complete 
| 154|0x0000000089a00000, 0x0000000089b00000, 0x0000000089b00000|100%| E|CS|TAMS 0x0000000089a00000| PB 0x0000000089a00000| Complete 
| 155|0x0000000089b00000, 0x0000000089c00000, 0x0000000089c00000|100%| E|CS|TAMS 0x0000000089b00000| PB 0x0000000089b00000| Complete 
| 156|0x0000000089c00000, 0x0000000089d00000, 0x0000000089d00000|100%| E|CS|TAMS 0x0000000089c00000| PB 0x0000000089c00000| Complete 
| 157|0x0000000089d00000, 0x0000000089e00000, 0x0000000089e00000|100%| E|CS|TAMS 0x0000000089d00000| PB 0x0000000089d00000| Complete 
| 158|0x0000000089e00000, 0x0000000089f00000, 0x0000000089f00000|100%| E|CS|TAMS 0x0000000089e00000| PB 0x0000000089e00000| Complete 
| 159|0x0000000089f00000, 0x000000008a000000, 0x000000008a000000|100%| E|CS|TAMS 0x0000000089f00000| PB 0x0000000089f00000| Complete 
| 160|0x000000008a000000, 0x000000008a100000, 0x000000008a100000|100%| E|CS|TAMS 0x000000008a000000| PB 0x000000008a000000| Complete 
| 161|0x000000008a100000, 0x000000008a200000, 0x000000008a200000|100%| E|CS|TAMS 0x000000008a100000| PB 0x000000008a100000| Complete 
| 247|0x000000008f700000, 0x000000008f800000, 0x000000008f800000|100%| E|CS|TAMS 0x000000008f700000| PB 0x000000008f700000| Complete 

Card table byte_map: [0x0000022f944d0000,0x0000022f948d0000] _byte_map_base: 0x0000022f940d0000

Marking Bits: (CMBitMap*) 0x0000022f81ca6530
 Bits: [0x0000022f948d0000, 0x0000022f968d0000)

Polling page: 0x0000022f81410000

Metaspace:

Usage:
  Non-class:     36.36 MB used.
      Class:      6.15 MB used.
       Both:     42.51 MB used.

Virtual space:
  Non-class space:       64.00 MB reserved,      37.00 MB ( 58%) committed,  1 nodes.
      Class space:        1.00 GB reserved,       6.75 MB ( <1%) committed,  1 nodes.
             Both:        1.06 GB reserved,      43.75 MB (  4%) committed. 

Chunk freelists:
   Non-Class:  10.31 MB
       Class:  9.23 MB
        Both:  19.54 MB

MaxMetaspaceSize: unlimited
CompressedClassSpaceSize: 1.00 GB
Initial GC threshold: 21.00 MB
Current GC threshold: 58.88 MB
CDS: off
 - commit_granule_bytes: 65536.
 - commit_granule_words: 8192.
 - virtual_space_node_default_size: 8388608.
 - enlarge_chunks_in_place: 1.
 - use_allocation_guard: 0.


Internal statistics:

num_allocs_failed_limit: 6.
num_arena_births: 2292.
num_arena_deaths: 0.
num_vsnodes_births: 2.
num_vsnodes_deaths: 0.
num_space_committed: 700.
num_space_uncommitted: 0.
num_chunks_returned_to_freelist: 6.
num_chunks_taken_from_freelist: 4001.
num_chunk_merges: 6.
num_chunk_splits: 2541.
num_chunks_enlarged: 1517.
num_inconsistent_stats: 0.

CodeHeap 'non-profiled nmethods': size=120000Kb used=2057Kb max_used=2058Kb free=117942Kb
 bounds [0x0000022f8c870000, 0x0000022f8cae0000, 0x0000022f93da0000]
CodeHeap 'profiled nmethods': size=120000Kb used=6672Kb max_used=6672Kb free=113328Kb
 bounds [0x0000022f84da0000, 0x0000022f85430000, 0x0000022f8c2d0000]
CodeHeap 'non-nmethods': size=5760Kb used=1688Kb max_used=1714Kb free=4071Kb
 bounds [0x0000022f8c2d0000, 0x0000022f8c540000, 0x0000022f8c870000]
CodeCache: size=245760Kb, used=10417Kb, max_used=10444Kb, free=235341Kb
 total_blobs=4037, nmethods=3435, adapters=505, full_count=0
Compilation: enabled, stopped_count=0, restarted_count=0

Compilation events (20 events):
Event: 3.989 Thread 0x0000022f994b7d90 nmethod 3842 0x0000022f85418810 code [0x0000022f85418aa0, 0x0000022f854196b0]
Event: 3.989 Thread 0x0000022f994b7d90 3844       3       org.codehaus.groovy.reflection.GeneratedMetaMethod$DgmMethodRecord::<init> (5 bytes)
Event: 3.989 Thread 0x0000022f994b7d90 nmethod 3844 0x0000022f85419b90 code [0x0000022f85419d40, 0x0000022f85419ea8]
Event: 3.990 Thread 0x0000022fa164e150 3845 %     4       java.io.DataInputStream::readUTF @ 92 (501 bytes)
Event: 3.990 Thread 0x0000022f994b7d90 3846       3       java.io.BufferedInputStream::implRead (112 bytes)
Event: 3.990 Thread 0x0000022f994b7d90 nmethod 3846 0x0000022f85419f90 code [0x0000022f8541a1c0, 0x0000022f8541a8f0]
Event: 4.005 Thread 0x0000022f994b7d90 3848       3       java.util.concurrent.locks.ReentrantLock$NonfairSync::tryAcquire (27 bytes)
Event: 4.005 Thread 0x0000022f994b7d90 nmethod 3848 0x0000022f8541ab10 code [0x0000022f8541ace0, 0x0000022f8541af60]
Event: 4.474 Thread 0x0000022f994b7d90 3849       3       java.util.concurrent.locks.AbstractQueuedSynchronizer$Node::<init> (5 bytes)
Event: 4.474 Thread 0x0000022f994b7d90 nmethod 3849 0x0000022f8541b010 code [0x0000022f8541b1c0, 0x0000022f8541b328]
Event: 4.631 Thread 0x0000022f994b7d90 3850       3       jdk.internal.misc.Unsafe::getAndBitwiseAndInt (27 bytes)
Event: 4.632 Thread 0x0000022f994b7d90 nmethod 3850 0x0000022f8541b410 code [0x0000022f8541b5c0, 0x0000022f8541b7f0]
Event: 4.726 Thread 0x0000022f994b7d90 3851       3       java.util.concurrent.locks.AbstractQueuedSynchronizer$Node::getAndUnsetStatus (14 bytes)
Event: 4.726 Thread 0x0000022f994b7d90 nmethod 3851 0x0000022f8541b910 code [0x0000022f8541bae0, 0x0000022f8541bd80]
Event: 4.960 Thread 0x0000022f994b7d90 3852   !   3       java.util.concurrent.locks.AbstractQueuedSynchronizer::tryInitializeHead (66 bytes)
Event: 4.960 Thread 0x0000022f994b7d90 nmethod 3852 0x0000022f8541be90 code [0x0000022f8541c080, 0x0000022f8541c618]
Event: 4.991 Thread 0x0000022f994b7d90 3853   !   3       java.util.concurrent.locks.AbstractQueuedSynchronizer$ConditionObject::newConditionNode (78 bytes)
Event: 4.992 Thread 0x0000022f994b7d90 nmethod 3853 0x0000022f8541c790 code [0x0000022f8541ca00, 0x0000022f8541d1b8]
Event: 4.992 Thread 0x0000022f994b7d90 3854       3       java.util.concurrent.locks.AbstractQueuedSynchronizer$ConditionNode::<init> (5 bytes)
Event: 4.992 Thread 0x0000022f994b7d90 nmethod 3854 0x0000022f8541d490 code [0x0000022f8541d640, 0x0000022f8541d808]

GC Heap History (14 events):
Event: 0.353 GC heap before
{Heap before GC invocations=0 (full 0):
 garbage-first heap   total 253952K, used 22528K [0x0000000080000000, 0x0000000100000000)
  region size 1024K, 23 young (23552K), 0 survivors (0K)
 Metaspace       used 7580K, committed 7744K, reserved 1114112K
  class space    used 704K, committed 768K, reserved 1048576K
}
Event: 0.355 GC heap after
{Heap after GC invocations=1 (full 0):
 garbage-first heap   total 253952K, used 1535K [0x0000000080000000, 0x0000000100000000)
  region size 1024K, 2 young (2048K), 2 survivors (2048K)
 Metaspace       used 7580K, committed 7744K, reserved 1114112K
  class space    used 704K, committed 768K, reserved 1048576K
}
Event: 0.908 GC heap before
{Heap before GC invocations=1 (full 0):
 garbage-first heap   total 253952K, used 40447K [0x0000000080000000, 0x0000000100000000)
  region size 1024K, 38 young (38912K), 2 survivors (2048K)
 Metaspace       used 12348K, committed 12544K, reserved 1114112K
  class space    used 1348K, committed 1408K, reserved 1048576K
}
Event: 0.912 GC heap after
{Heap after GC invocations=2 (full 0):
 garbage-first heap   total 253952K, used 10680K [0x0000000080000000, 0x0000000100000000)
  region size 1024K, 5 young (5120K), 5 survivors (5120K)
 Metaspace       used 12348K, committed 12544K, reserved 1114112K
  class space    used 1348K, committed 1408K, reserved 1048576K
}
Event: 1.891 GC heap before
{Heap before GC invocations=2 (full 0):
 garbage-first heap   total 253952K, used 94648K [0x0000000080000000, 0x0000000100000000)
  region size 1024K, 86 young (88064K), 5 survivors (5120K)
 Metaspace       used 21268K, committed 21504K, reserved 1114112K
  class space    used 2526K, committed 2624K, reserved 1048576K
}
Event: 1.897 GC heap after
{Heap after GC invocations=3 (full 0):
 garbage-first heap   total 253952K, used 20221K [0x0000000080000000, 0x0000000100000000)
  region size 1024K, 14 young (14336K), 14 survivors (14336K)
 Metaspace       used 21268K, committed 21504K, reserved 1114112K
  class space    used 2526K, committed 2624K, reserved 1048576K
}
Event: 2.397 GC heap before
{Heap before GC invocations=4 (full 0):
 garbage-first heap   total 71680K, used 48893K [0x0000000080000000, 0x0000000100000000)
  region size 1024K, 42 young (43008K), 14 survivors (14336K)
 Metaspace       used 26344K, committed 26816K, reserved 1114112K
  class space    used 3305K, committed 3520K, reserved 1048576K
}
Event: 2.403 GC heap after
{Heap after GC invocations=5 (full 0):
 garbage-first heap   total 71680K, used 21809K [0x0000000080000000, 0x0000000100000000)
  region size 1024K, 2 young (2048K), 2 survivors (2048K)
 Metaspace       used 26344K, committed 26816K, reserved 1114112K
  class space    used 3305K, committed 3520K, reserved 1048576K
}
Event: 2.973 GC heap before
{Heap before GC invocations=5 (full 0):
 garbage-first heap   total 71680K, used 54577K [0x0000000080000000, 0x0000000100000000)
  region size 1024K, 35 young (35840K), 2 survivors (2048K)
 Metaspace       used 30942K, committed 31552K, reserved 1114112K
  class space    used 4139K, committed 4416K, reserved 1048576K
}
Event: 2.976 GC heap after
{Heap after GC invocations=6 (full 0):
 garbage-first heap   total 71680K, used 24345K [0x0000000080000000, 0x0000000100000000)
  region size 1024K, 4 young (4096K), 4 survivors (4096K)
 Metaspace       used 30942K, committed 31552K, reserved 1114112K
  class space    used 4139K, committed 4416K, reserved 1048576K
}
Event: 3.350 GC heap before
{Heap before GC invocations=6 (full 0):
 garbage-first heap   total 71680K, used 54041K [0x0000000080000000, 0x0000000100000000)
  region size 1024K, 34 young (34816K), 4 survivors (4096K)
 Metaspace       used 35175K, committed 35968K, reserved 1114112K
  class space    used 4871K, committed 5248K, reserved 1048576K
}
Event: 3.354 GC heap after
{Heap after GC invocations=7 (full 0):
 garbage-first heap   total 71680K, used 26744K [0x0000000080000000, 0x0000000100000000)
  region size 1024K, 5 young (5120K), 5 survivors (5120K)
 Metaspace       used 35175K, committed 35968K, reserved 1114112K
  class space    used 4871K, committed 5248K, reserved 1048576K
}
Event: 3.713 GC heap before
{Heap before GC invocations=8 (full 0):
 garbage-first heap   total 71680K, used 58488K [0x0000000080000000, 0x0000000100000000)
  region size 1024K, 37 young (37888K), 5 survivors (5120K)
 Metaspace       used 39392K, committed 40448K, reserved 1114112K
  class space    used 5591K, committed 6080K, reserved 1048576K
}
Event: 3.717 GC heap after
{Heap after GC invocations=9 (full 0):
 garbage-first heap   total 71680K, used 28427K [0x0000000080000000, 0x0000000100000000)
  region size 1024K, 4 young (4096K), 4 survivors (4096K)
 Metaspace       used 39392K, committed 40448K, reserved 1114112K
  class space    used 5591K, committed 6080K, reserved 1048576K
}

Dll operation events (3 events):
Event: 0.014 Loaded shared library C:\Program Files\Android\Android Studio\jbr\bin\java.dll
Event: 0.018 Loaded shared library C:\Program Files\Android\Android Studio\jbr\bin\zip.dll
Event: 0.507 Loaded shared library C:\Program Files\Android\Android Studio\jbr\bin\verify.dll

Deoptimization events (20 events):
Event: 3.989 Thread 0x0000022fa01d4700 Uncommon trap: trap_request=0xffffffde fr.pc=0x0000022f8c8c9d20 relative=0x0000000000000f40
Event: 3.989 Thread 0x0000022fa01d4700 Uncommon trap: reason=class_check action=maybe_recompile pc=0x0000022f8c8c9d20 method=java.io.BufferedInputStream.implRead([BII)I @ 100 c2
Event: 3.989 Thread 0x0000022fa01d4700 DEOPT PACKING pc=0x0000022f8c8c9d20 sp=0x000000ebe15f7f60
Event: 3.989 Thread 0x0000022fa01d4700 DEOPT UNPACKING pc=0x0000022f8c327da2 sp=0x000000ebe15f7ea8 mode 2
Event: 3.989 Thread 0x0000022fa01d4700 Uncommon trap: trap_request=0xffffffc6 fr.pc=0x0000022f8c98fc98 relative=0x0000000000000538
Event: 3.989 Thread 0x0000022fa01d4700 Uncommon trap: reason=bimorphic_or_optimized_type_check action=maybe_recompile pc=0x0000022f8c98fc98 method=java.io.BufferedInputStream.implRead([BII)I @ 100 c2
Event: 3.989 Thread 0x0000022fa01d4700 DEOPT PACKING pc=0x0000022f8c98fc98 sp=0x000000ebe15f7ec0
Event: 3.989 Thread 0x0000022fa01d4700 DEOPT UNPACKING pc=0x0000022f8c327da2 sp=0x000000ebe15f7ea8 mode 2
Event: 3.989 Thread 0x0000022fa01d4700 Uncommon trap: trap_request=0xffffffc6 fr.pc=0x0000022f8c98fc98 relative=0x0000000000000538
Event: 3.989 Thread 0x0000022fa01d4700 Uncommon trap: reason=bimorphic_or_optimized_type_check action=maybe_recompile pc=0x0000022f8c98fc98 method=java.io.BufferedInputStream.implRead([BII)I @ 100 c2
Event: 3.989 Thread 0x0000022fa01d4700 DEOPT PACKING pc=0x0000022f8c98fc98 sp=0x000000ebe15f7ec0
Event: 3.989 Thread 0x0000022fa01d4700 DEOPT UNPACKING pc=0x0000022f8c327da2 sp=0x000000ebe15f7ea8 mode 2
Event: 3.989 Thread 0x0000022fa01d4700 Uncommon trap: trap_request=0xffffffc6 fr.pc=0x0000022f8c98fc98 relative=0x0000000000000538
Event: 3.989 Thread 0x0000022fa01d4700 Uncommon trap: reason=bimorphic_or_optimized_type_check action=maybe_recompile pc=0x0000022f8c98fc98 method=java.io.BufferedInputStream.implRead([BII)I @ 100 c2
Event: 3.989 Thread 0x0000022fa01d4700 DEOPT PACKING pc=0x0000022f8c98fc98 sp=0x000000ebe15f7f00
Event: 3.989 Thread 0x0000022fa01d4700 DEOPT UNPACKING pc=0x0000022f8c327da2 sp=0x000000ebe15f7ec8 mode 2
Event: 3.990 Thread 0x0000022fa01d4700 Uncommon trap: trap_request=0xffffffc6 fr.pc=0x0000022f8c98fc98 relative=0x0000000000000538
Event: 3.990 Thread 0x0000022fa01d4700 Uncommon trap: reason=bimorphic_or_optimized_type_check action=maybe_recompile pc=0x0000022f8c98fc98 method=java.io.BufferedInputStream.implRead([BII)I @ 100 c2
Event: 3.990 Thread 0x0000022fa01d4700 DEOPT PACKING pc=0x0000022f8c98fc98 sp=0x000000ebe15f7ef0
Event: 3.990 Thread 0x0000022fa01d4700 DEOPT UNPACKING pc=0x0000022f8c327da2 sp=0x000000ebe15f7eb8 mode 2

Classes loaded (20 events):
Event: 3.922 Loading class java/util/stream/Sink$OfInt
Event: 3.922 Loading class java/util/stream/Sink$OfInt done
Event: 3.922 Loading class java/util/stream/Sink$ChainedInt done
Event: 3.922 Loading class java/util/stream/IntPipeline$1$1 done
Event: 3.931 Loading class java/lang/IllegalAccessError
Event: 3.931 Loading class java/lang/IllegalAccessError done
Event: 3.936 Loading class java/lang/Process
Event: 3.936 Loading class java/lang/Process done
Event: 3.936 Loading class java/lang/ProcessBuilder
Event: 3.936 Loading class java/lang/ProcessBuilder done
Event: 3.973 Loading class java/util/EventListener
Event: 3.973 Loading class java/util/EventListener done
Event: 3.981 Loading class java/util/BitSet
Event: 3.982 Loading class java/util/BitSet done
Event: 3.986 Loading class java/io/PrintWriter
Event: 3.987 Loading class java/io/PrintWriter done
Event: 3.987 Loading class java/util/TimerTask
Event: 3.987 Loading class java/util/TimerTask done
Event: 3.987 Loading class java/util/Timer
Event: 3.987 Loading class java/util/Timer done

Classes unloaded (0 events):
No events

Classes redefined (0 events):
No events

Internal exceptions (20 events):
Event: 3.747 Thread 0x0000022fa01d4700 Exception <a 'java/lang/NoSuchMethodError'{0x0000000089e94ff0}: 'java.lang.Object java.lang.invoke.DirectMethodHandle$Holder.invokeStatic(java.lang.Object, java.lang.Object, java.lang.Object, java.lang.Object, java.lang.Object, java.lang.Object, java.lang.Object, java.lang.Object, java.lang.Object, java.lang.Object, java.lang.Object, java.lang.Object, java.lang.Object, java.lang.Object, java.lang.Object, java.lang.Object, java.lang.Object, java.lang.Object, java.lang.Object, java.lang.Object, java.lang.Obj
Event: 3.747 Thread 0x0000022fa01d4700 Exception <a 'java/lang/NoSuchMethodError'{0x0000000089ed05b0}: 'java.lang.Object java.lang.invoke.DirectMethodHandle$Holder.invokeStatic(java.lang.Object, java.lang.Object, java.lang.Object, java.lang.Object, java.lang.Object, java.lang.Object, java.lang.Object, java.lang.Object, java.lang.Object, java.lang.Object, java.lang.Object, java.lang.Object, java.lang.Object, java.lang.Object, java.lang.Object, java.lang.Object, java.lang.Object, java.lang.Object, java.lang.Object, java.lang.Object, java.lang.Obj
Event: 3.748 Thread 0x0000022fa01d4700 Exception <a 'java/lang/NoSuchMethodError'{0x0000000089d0d818}: 'java.lang.Object java.lang.invoke.DirectMethodHandle$Holder.invokeStatic(java.lang.Object, java.lang.Object, java.lang.Object, java.lang.Object, java.lang.Object, java.lang.Object, java.lang.Object, java.lang.Object, java.lang.Object, java.lang.Object, java.lang.Object, java.lang.Object, java.lang.Object, java.lang.Object, java.lang.Object, java.lang.Object, java.lang.Object, java.lang.Object, java.lang.Object, java.lang.Object, java.lang.Obj
Event: 3.749 Thread 0x0000022fa01d4700 Exception <a 'java/lang/NoSuchMethodError'{0x0000000089d4b490}: 'java.lang.Object java.lang.invoke.DirectMethodHandle$Holder.invokeStatic(java.lang.Object, java.lang.Object, java.lang.Object, java.lang.Object, java.lang.Object, java.lang.Object, java.lang.Object, java.lang.Object, java.lang.Object, java.lang.Object, java.lang.Object, java.lang.Object, java.lang.Object, java.lang.Object, java.lang.Object, java.lang.Object, java.lang.Object, java.lang.Object, java.lang.Object, java.lang.Object, java.lang.Obj
Event: 3.750 Thread 0x0000022fa01d4700 Exception <a 'java/lang/NoSuchMethodError'{0x0000000089d8b0c0}: 'java.lang.Object java.lang.invoke.DirectMethodHandle$Holder.invokeStatic(java.lang.Object, java.lang.Object, java.lang.Object, java.lang.Object, java.lang.Object, java.lang.Object, java.lang.Object, java.lang.Object, java.lang.Object, java.lang.Object, java.lang.Object, java.lang.Object, java.lang.Object, java.lang.Object, java.lang.Object, java.lang.Object, java.lang.Object, java.lang.Object, java.lang.Object, java.lang.Object, java.lang.Obj
Event: 3.758 Thread 0x0000022fa01d4700 Exception <a 'java/lang/NoSuchMethodError'{0x0000000089ca4b80}: 'java.lang.Object java.lang.invoke.DirectMethodHandle$Holder.newInvokeSpecial(java.lang.Object, java.lang.Object, java.lang.Object, java.lang.Object, java.lang.Object, java.lang.Object, java.lang.Object, java.lang.Object, java.lang.Object, java.lang.Object, java.lang.Object, java.lang.Object, java.lang.Object, java.lang.Object, java.lang.Object, java.lang.Object, java.lang.Object, java.lang.Object, java.lang.Object)'> (0x0000000089ca4b80) 
thr
Event: 3.759 Thread 0x0000022fa01d4700 Exception <a 'java/lang/NoSuchMethodError'{0x0000000089cab550}: 'java.lang.Object java.lang.invoke.DirectMethodHandle$Holder.invokeSpecial(java.lang.Object, java.lang.Object, java.lang.Object, java.lang.Object, java.lang.Object, java.lang.Object, java.lang.Object, java.lang.Object, java.lang.Object, java.lang.Object, java.lang.Object, java.lang.Object, java.lang.Object, java.lang.Object, java.lang.Object, java.lang.Object, java.lang.Object, java.lang.Object, java.lang.Object, java.lang.Object)'> (0x0000000
Event: 3.759 Thread 0x0000022fa01d4700 Exception <a 'java/lang/NoSuchMethodError'{0x0000000089cb0af0}: 'java.lang.Object java.lang.invoke.DelegatingMethodHandle$Holder.reinvoke_L(java.lang.Object, java.lang.Object, java.lang.Object, java.lang.Object, java.lang.Object, java.lang.Object, java.lang.Object, java.lang.Object, java.lang.Object, java.lang.Object, java.lang.Object, java.lang.Object, java.lang.Object, java.lang.Object, java.lang.Object, java.lang.Object, java.lang.Object, java.lang.Object, java.lang.Object)'> (0x0000000089cb0af0) 
throw
Event: 3.816 Thread 0x0000022fa01d4700 Exception <a 'java/lang/IncompatibleClassChangeError'{0x0000000089682f78}: Found class java.lang.Object, but interface was expected> (0x0000000089682f78) 
thrown [s\src\hotspot\share\interpreter\linkResolver.cpp, line 851]
Event: 3.823 Thread 0x0000022fa01d4700 Exception <a 'java/lang/NoSuchMethodError'{0x000000008954e090}: 'java.lang.Object java.lang.invoke.DirectMethodHandle$Holder.newInvokeSpecial(java.lang.Object, java.lang.Object, long)'> (0x000000008954e090) 
thrown [s\src\hotspot\share\interpreter\linkResolver.cpp, line 784]
Event: 3.823 Thread 0x0000022fa01d4700 Exception <a 'java/lang/NoSuchMethodError'{0x0000000089552408}: 'java.lang.Object java.lang.invoke.Invokers$Holder.linkToTargetMethod(java.lang.Object, long, java.lang.Object)'> (0x0000000089552408) 
thrown [s\src\hotspot\share\interpreter\linkResolver.cpp, line 784]
Event: 3.847 Thread 0x0000022fa01d4700 Exception <a 'java/lang/NoSuchMethodError'{0x00000000836a2ad8}: 'int java.lang.invoke.DirectMethodHandle$Holder.invokeInterface(java.lang.Object, java.lang.Object)'> (0x00000000836a2ad8) 
thrown [s\src\hotspot\share\interpreter\linkResolver.cpp, line 784]
Event: 3.852 Thread 0x0000022fa01d4700 Exception <a 'java/lang/NoSuchMethodError'{0x00000000835155a8}: 'java.lang.Object java.lang.invoke.DirectMethodHandle$Holder.invokeVirtual(java.lang.Object, java.lang.Object, int)'> (0x00000000835155a8) 
thrown [s\src\hotspot\share\interpreter\linkResolver.cpp, line 784]
Event: 3.855 Thread 0x0000022fa01d4700 Exception <a 'java/lang/NoSuchMethodError'{0x0000000083547e28}: 'void java.lang.invoke.DirectMethodHandle$Holder.invokeStatic(java.lang.Object, java.lang.Object, java.lang.Object, int)'> (0x0000000083547e28) 
thrown [s\src\hotspot\share\interpreter\linkResolver.cpp, line 784]
Event: 3.867 Thread 0x0000022fa01d4700 Exception <a 'java/lang/NoSuchMethodError'{0x00000000835d4150}: 'java.lang.Object java.lang.invoke.DirectMethodHandle$Holder.invokeStatic(java.lang.Object, java.lang.Object, int, java.lang.Object)'> (0x00000000835d4150) 
thrown [s\src\hotspot\share\interpreter\linkResolver.cpp, line 784]
Event: 3.867 Thread 0x0000022fa01d4700 Exception <a 'java/lang/NoSuchMethodError'{0x00000000835db538}: 'java.lang.Object java.lang.invoke.DirectMethodHandle$Holder.newInvokeSpecial(java.lang.Object, java.lang.Object, int, java.lang.Object)'> (0x00000000835db538) 
thrown [s\src\hotspot\share\interpreter\linkResolver.cpp, line 784]
Event: 3.868 Thread 0x0000022fa01d4700 Exception <a 'java/lang/NoSuchMethodError'{0x00000000835dff60}: 'java.lang.Object java.lang.invoke.DirectMethodHandle$Holder.invokeSpecial(java.lang.Object, java.lang.Object, java.lang.Object, int, java.lang.Object)'> (0x00000000835dff60) 
thrown [s\src\hotspot\share\interpreter\linkResolver.cpp, line 784]
Event: 3.907 Thread 0x0000022fa01d4700 Exception <a 'java/lang/NoSuchMethodError'{0x00000000832658f0}: 'void java.lang.invoke.DirectMethodHandle$Holder.invokeInterface(java.lang.Object, java.lang.Object, java.lang.Object, java.lang.Object, java.lang.Object, java.lang.Object, java.lang.Object)'> (0x00000000832658f0) 
thrown [s\src\hotspot\share\interpreter\linkResolver.cpp, line 784]
Event: 3.907 Thread 0x0000022fa01d4700 Exception <a 'java/lang/NoSuchMethodError'{0x000000008326a208}: 'void java.lang.invoke.DelegatingMethodHandle$Holder.reinvoke_L(java.lang.Object, java.lang.Object, java.lang.Object, java.lang.Object, java.lang.Object, java.lang.Object, java.lang.Object)'> (0x000000008326a208) 
thrown [s\src\hotspot\share\interpreter\linkResolver.cpp, line 784]
Event: 3.939 Thread 0x0000022fa01d4700 Exception <a 'java/lang/NoSuchMethodError'{0x0000000083045830}: 'java.lang.Object java.lang.invoke.DirectMethodHandle$Holder.invokeSpecial(java.lang.Object, java.lang.Object, java.lang.Object, int, java.lang.Object, java.lang.Object)'> (0x0000000083045830) 
thrown [s\src\hotspot\share\interpreter\linkResolver.cpp, line 784]

ZGC Phase Switch (0 events):
No events

VM Operations (20 events):
Event: 3.364 Executing VM operation: G1PauseRemark
Event: 3.366 Executing VM operation: G1PauseRemark done
Event: 3.369 Executing VM operation: G1PauseCleanup
Event: 3.369 Executing VM operation: G1PauseCleanup done
Event: 3.545 Executing VM operation: HandshakeAllThreads (Deoptimize)
Event: 3.545 Executing VM operation: HandshakeAllThreads (Deoptimize) done
Event: 3.703 Executing VM operation: HandshakeAllThreads (Deoptimize)
Event: 3.703 Executing VM operation: HandshakeAllThreads (Deoptimize) done
Event: 3.713 Executing VM operation: G1CollectForAllocation (G1 Evacuation Pause)
Event: 3.718 Executing VM operation: G1CollectForAllocation (G1 Evacuation Pause) done
Event: 3.817 Executing VM operation: HandshakeAllThreads (Deoptimize)
Event: 3.817 Executing VM operation: HandshakeAllThreads (Deoptimize) done
Event: 3.828 Executing VM operation: HandshakeAllThreads (Deoptimize)
Event: 3.828 Executing VM operation: HandshakeAllThreads (Deoptimize) done
Event: 3.909 Executing VM operation: HandshakeAllThreads (Deoptimize)
Event: 3.909 Executing VM operation: HandshakeAllThreads (Deoptimize) done
Event: 3.910 Executing VM operation: HandshakeAllThreads (Deoptimize)
Event: 3.910 Executing VM operation: HandshakeAllThreads (Deoptimize) done
Event: 4.912 Executing VM operation: Cleanup
Event: 4.912 Executing VM operation: Cleanup done

Memory protections (0 events):
No events

Nmethod flushes (20 events):
Event: 3.365 Thread 0x0000022f9934a370 flushing  nmethod 0x0000022f84eb1a10
Event: 3.365 Thread 0x0000022f9934a370 flushing  nmethod 0x0000022f84eb3110
Event: 3.365 Thread 0x0000022f9934a370 flushing  nmethod 0x0000022f84eb4e10
Event: 3.365 Thread 0x0000022f9934a370 flushing  nmethod 0x0000022f84f08290
Event: 3.365 Thread 0x0000022f9934a370 flushing  nmethod 0x0000022f84f11d90
Event: 3.365 Thread 0x0000022f9934a370 flushing  nmethod 0x0000022f84f15a90
Event: 3.365 Thread 0x0000022f9934a370 flushing  nmethod 0x0000022f84f18c90
Event: 3.365 Thread 0x0000022f9934a370 flushing  nmethod 0x0000022f84f19010
Event: 3.365 Thread 0x0000022f9934a370 flushing  nmethod 0x0000022f84f9dc90
Event: 3.365 Thread 0x0000022f9934a370 flushing  nmethod 0x0000022f84fa6a90
Event: 3.365 Thread 0x0000022f9934a370 flushing  nmethod 0x0000022f85002c10
Event: 3.365 Thread 0x0000022f9934a370 flushing  nmethod 0x0000022f85003210
Event: 3.365 Thread 0x0000022f9934a370 flushing  nmethod 0x0000022f85003710
Event: 3.365 Thread 0x0000022f9934a370 flushing  nmethod 0x0000022f85003a90
Event: 3.365 Thread 0x0000022f9934a370 flushing  nmethod 0x0000022f85004890
Event: 3.365 Thread 0x0000022f9934a370 flushing  nmethod 0x0000022f85006010
Event: 3.365 Thread 0x0000022f9934a370 flushing  nmethod 0x0000022f8500c110
Event: 3.365 Thread 0x0000022f9934a370 flushing  nmethod 0x0000022f8500c890
Event: 3.365 Thread 0x0000022f9934a370 flushing  nmethod 0x0000022f8512b010
Event: 3.365 Thread 0x0000022f9934a370 flushing  nmethod 0x0000022f8512f590

Events (20 events):
Event: 1.824 Thread 0x0000022fa01d4700 Thread added: 0x0000022fa01d5420
Event: 1.829 Thread 0x0000022fa01d4700 Thread added: 0x0000022fa01d5ab0
Event: 1.832 Thread 0x0000022fa01d4700 Thread added: 0x0000022fa01d4d90
Event: 2.231 Thread 0x0000022f9e1a9710 Thread exited: 0x0000022f9e1a9710
Event: 2.231 Thread 0x0000022f99755af0 Thread exited: 0x0000022f99755af0
Event: 2.269 Thread 0x0000022fa01d4700 Thread added: 0x0000022fa01d6140
Event: 2.275 Thread 0x0000022fa01d4700 Thread added: 0x0000022fa01d3350
Event: 2.302 Thread 0x0000022f994b7d90 Thread added: 0x0000022fa03f8c60
Event: 2.315 Thread 0x0000022fa01d4700 Thread added: 0x0000022fa01d67d0
Event: 3.175 Thread 0x0000022fa01d4700 Thread added: 0x0000022fa01d4070
Event: 3.183 Thread 0x0000022fa01d4700 Thread added: 0x0000022fa167d1a0
Event: 3.322 Thread 0x0000022fa01d4700 Thread added: 0x0000022fa1680cb0
Event: 3.326 Thread 0x0000022fa01d4700 Thread added: 0x0000022fa167e550
Event: 3.472 Thread 0x0000022fa01d4700 Thread added: 0x0000022fa167d830
Event: 3.501 Thread 0x0000022fa01d4700 Thread added: 0x0000022fa167ebe0
Event: 3.677 Thread 0x0000022fa01d4700 Thread added: 0x0000022fa167f900
Event: 3.730 Thread 0x0000022fa01d4700 Thread added: 0x0000022fa1681340
Event: 3.868 Thread 0x0000022fa01d4700 Thread added: 0x0000022fa167dec0
Event: 3.899 Thread 0x0000022fa01d4700 Thread added: 0x0000022fa167ff90
Event: 3.989 Thread 0x0000022f994b7d90 Thread added: 0x0000022fa164e150


Dynamic libraries:
0x00007ff73c3d0000 - 0x00007ff73c3da000 	C:\Program Files\Android\Android Studio\jbr\bin\java.exe
0x00007ffd38260000 - 0x00007ffd384c7000 	C:\WINDOWS\SYSTEM32\ntdll.dll
0x00007ffd36e00000 - 0x00007ffd36ec9000 	C:\WINDOWS\System32\KERNEL32.DLL
0x00007ffd34df0000 - 0x00007ffd351e4000 	C:\WINDOWS\System32\KERNELBASE.dll
0x00007ffd35ea0000 - 0x00007ffd35feb000 	C:\WINDOWS\System32\ucrtbase.dll
0x00007ffd30450000 - 0x00007ffd30468000 	C:\Program Files\Android\Android Studio\jbr\bin\jli.dll
0x00007ffd328e0000 - 0x00007ffd328fb000 	C:\Program Files\Android\Android Studio\jbr\bin\VCRUNTIME140.dll
0x00007ffd36650000 - 0x00007ffd36815000 	C:\WINDOWS\System32\USER32.dll
0x00007ffd34b30000 - 0x00007ffd34b57000 	C:\WINDOWS\System32\win32u.dll
0x00007ffd1ca10000 - 0x00007ffd1cca3000 	C:\WINDOWS\WinSxS\amd64_microsoft.windows.common-controls_6595b64144ccf1df_6.0.26100.8115_none_3e075c82e3354f9c\COMCTL32.dll
0x00007ffd37770000 - 0x00007ffd3779b000 	C:\WINDOWS\System32\GDI32.dll
0x00007ffd370e0000 - 0x00007ffd37189000 	C:\WINDOWS\System32\msvcrt.dll
0x00007ffd34cc0000 - 0x00007ffd34deb000 	C:\WINDOWS\System32\gdi32full.dll
0x00007ffd34b60000 - 0x00007ffd34c03000 	C:\WINDOWS\System32\msvcp_win.dll
0x00007ffd36610000 - 0x00007ffd36642000 	C:\WINDOWS\System32\IMM32.DLL
0x00007ffd328b0000 - 0x00007ffd328bc000 	C:\Program Files\Android\Android Studio\jbr\bin\vcruntime140_1.dll
0x00007ffcb48c0000 - 0x00007ffcb494d000 	C:\Program Files\Android\Android Studio\jbr\bin\msvcp140.dll
0x00007ffca0fd0000 - 0x00007ffca1c66000 	C:\Program Files\Android\Android Studio\jbr\bin\server\jvm.dll
0x00007ffd376b0000 - 0x00007ffd37766000 	C:\WINDOWS\System32\ADVAPI32.dll
0x00007ffd36380000 - 0x00007ffd36427000 	C:\WINDOWS\System32\sechost.dll
0x00007ffd361e0000 - 0x00007ffd362f8000 	C:\WINDOWS\System32\RPCRT4.dll
0x00007ffd36430000 - 0x00007ffd364b0000 	C:\WINDOWS\System32\WS2_32.dll
0x00007ffd28dc0000 - 0x00007ffd28df6000 	C:\WINDOWS\SYSTEM32\WINMM.dll
0x00007ffd349b0000 - 0x00007ffd34a0e000 	C:\WINDOWS\SYSTEM32\POWRPROF.dll
0x00007ffd2ac50000 - 0x00007ffd2ac5b000 	C:\WINDOWS\SYSTEM32\VERSION.dll
0x00007ffd34990000 - 0x00007ffd349a4000 	C:\WINDOWS\SYSTEM32\UMPDC.dll
0x00007ffd33880000 - 0x00007ffd3389b000 	C:\WINDOWS\SYSTEM32\kernel.appcore.dll
0x00007ffd328a0000 - 0x00007ffd328aa000 	C:\Program Files\Android\Android Studio\jbr\bin\jimage.dll
0x00007ffd32be0000 - 0x00007ffd32e22000 	C:\WINDOWS\SYSTEM32\DBGHELP.DLL
0x00007ffd36a70000 - 0x00007ffd36df2000 	C:\WINDOWS\System32\combase.dll
0x00007ffd36f00000 - 0x00007ffd36fd8000 	C:\WINDOWS\System32\OLEAUT32.dll
0x00007ffd1d100000 - 0x00007ffd1d13b000 	C:\WINDOWS\SYSTEM32\dbgcore.DLL
0x00007ffd34c10000 - 0x00007ffd34cb5000 	C:\WINDOWS\System32\bcryptPrimitives.dll
0x00007ffd30480000 - 0x00007ffd3048e000 	C:\Program Files\Android\Android Studio\jbr\bin\instrument.dll
0x00007ffd31510000 - 0x00007ffd31530000 	C:\Program Files\Android\Android Studio\jbr\bin\java.dll
0x00007ffd314f0000 - 0x00007ffd31508000 	C:\Program Files\Android\Android Studio\jbr\bin\zip.dll
0x00007ffd37ab0000 - 0x00007ffd38217000 	C:\WINDOWS\System32\SHELL32.dll
0x00007ffd35bb0000 - 0x00007ffd35d1a000 	C:\WINDOWS\System32\wintypes.dll
0x00007ffd351f0000 - 0x00007ffd35a58000 	C:\WINDOWS\System32\windows.storage.dll
0x00007ffd36510000 - 0x00007ffd36608000 	C:\WINDOWS\System32\SHCORE.dll
0x00007ffd36170000 - 0x00007ffd361d6000 	C:\WINDOWS\System32\shlwapi.dll
0x00007ffd34a50000 - 0x00007ffd34a79000 	C:\WINDOWS\SYSTEM32\profapi.dll
0x00007ffd32890000 - 0x00007ffd328a0000 	C:\Program Files\Android\Android Studio\jbr\bin\net.dll
0x00007ffd2a880000 - 0x00007ffd2a9ad000 	C:\WINDOWS\SYSTEM32\WINHTTP.dll
0x00007ffd33dd0000 - 0x00007ffd33e3c000 	C:\WINDOWS\system32\mswsock.dll
0x00007ffd31370000 - 0x00007ffd31386000 	C:\Program Files\Android\Android Studio\jbr\bin\nio.dll
0x00007ffd31570000 - 0x00007ffd31580000 	C:\Program Files\Android\Android Studio\jbr\bin\verify.dll
0x00007ffd30d90000 - 0x00007ffd30db7000 	C:\Users\dell\.gradle\native\1def1411415f61bf3af743bc5b6707747c0891f09f0c88961ee8f79bc544acac\windows-amd64\native-platform.dll
0x00007ffd1a1d0000 - 0x00007ffd1a248000 	C:\Users\dell\.gradle\native\0.2.7\x86_64-windows-gnu\gradle-fileevents.dll
0x00007ffd31ec0000 - 0x00007ffd31ec9000 	C:\Program Files\Android\Android Studio\jbr\bin\management.dll
0x00007ffd31d80000 - 0x00007ffd31d8b000 	C:\Program Files\Android\Android Studio\jbr\bin\management_ext.dll
0x00007ffd35ff0000 - 0x00007ffd35ff8000 	C:\WINDOWS\System32\PSAPI.DLL
0x00007ffd33260000 - 0x00007ffd33292000 	C:\WINDOWS\SYSTEM32\IPHLPAPI.DLL
0x00007ffd36a60000 - 0x00007ffd36a6a000 	C:\WINDOWS\System32\NSI.dll
0x00007ffd326a0000 - 0x00007ffd326a9000 	C:\Program Files\Android\Android Studio\jbr\bin\extnet.dll
0x00007ffd341d0000 - 0x00007ffd341eb000 	C:\WINDOWS\SYSTEM32\CRYPTSP.dll
0x00007ffd337e0000 - 0x00007ffd33819000 	C:\WINDOWS\system32\rsaenh.dll
0x00007ffd33e80000 - 0x00007ffd33eb3000 	C:\WINDOWS\SYSTEM32\USERENV.dll
0x00007ffd34a20000 - 0x00007ffd34a4a000 	C:\WINDOWS\SYSTEM32\bcrypt.dll
0x00007ffd34030000 - 0x00007ffd3403c000 	C:\WINDOWS\SYSTEM32\CRYPTBASE.dll
0x00007ffd303f0000 - 0x00007ffd303f8000 	C:\WINDOWS\system32\wshunix.dll

JVMTI agents:
C:\Users\dell\.gradle\wrapper\dists\gradle-9.0-milestone-1-bin\3vdepk4s12bybhohyuvjcm1bd\gradle-9.0-milestone-1\lib\agents\gradle-instrumentation-agent-9.0.jar path:C:\Program Files\Android\Android Studio\jbr\bin\instrument.dll, loaded, initialized, instrumentlib options:none

dbghelp: loaded successfully - version: 4.0.5 - missing functions: none
symbol engine: initialized successfully - sym options: 0x614 - pdb path: .;C:\Program Files\Android\Android Studio\jbr\bin;C:\WINDOWS\SYSTEM32;C:\WINDOWS\WinSxS\amd64_microsoft.windows.common-controls_6595b64144ccf1df_6.0.26100.8115_none_3e075c82e3354f9c;C:\Program Files\Android\Android Studio\jbr\bin\server;C:\Users\dell\.gradle\native\1def1411415f61bf3af743bc5b6707747c0891f09f0c88961ee8f79bc544acac\windows-amd64;C:\Users\dell\.gradle\native\0.2.7\x86_64-windows-gnu

VM Arguments:
jvm_args: --add-opens=java.base/java.lang=ALL-UNNAMED --add-opens=java.base/java.lang.invoke=ALL-UNNAMED --add-opens=java.base/java.util=ALL-UNNAMED --add-opens=java.prefs/java.util.prefs=ALL-UNNAMED --add-exports=jdk.compiler/com.sun.tools.javac.api=ALL-UNNAMED --add-exports=jdk.compiler/com.sun.tools.javac.util=ALL-UNNAMED --add-opens=java.base/java.util=ALL-UNNAMED --add-opens=java.prefs/java.util.prefs=ALL-UNNAMED --add-opens=java.base/java.nio.charset=ALL-UNNAMED --add-opens=java.base/java.net=ALL-UNNAMED --add-opens=java.base/java.util.concurrent.atomic=ALL-UNNAMED --add-opens=java.xml/javax.xml.namespace=ALL-UNNAMED -Xmx2048m -Dfile.encoding=UTF-8 -Duser.country=CL -Duser.language=es -Duser.variant -javaagent:C:\Users\dell\.gradle\wrapper\dists\gradle-9.0-milestone-1-bin\3vdepk4s12bybhohyuvjcm1bd\gradle-9.0-milestone-1\lib\agents\gradle-instrumentation-agent-9.0.jar 
java_command: org.gradle.launcher.daemon.bootstrap.GradleDaemon 9.0-milestone-1
java_class_path (initial): C:\Users\dell\.gradle\wrapper\dists\gradle-9.0-milestone-1-bin\3vdepk4s12bybhohyuvjcm1bd\gradle-9.0-milestone-1\lib\gradle-daemon-main-9.0.jar
Launcher Type: SUN_STANDARD

[Global flags]
     intx CICompilerCount                          = 4                                         {product} {ergonomic}
     uint ConcGCThreads                            = 2                                         {product} {ergonomic}
     uint G1ConcRefinementThreads                  = 8                                         {product} {ergonomic}
   size_t G1HeapRegionSize                         = 1048576                                   {product} {ergonomic}
    uintx GCDrainStackTargetSize                   = 64                                        {product} {ergonomic}
   size_t InitialHeapSize                          = 260046848                                 {product} {ergonomic}
   size_t MarkStackSize                            = 4194304                                   {product} {ergonomic}
   size_t MaxHeapSize                              = 2147483648                                {product} {command line}
   size_t MaxNewSize                               = 1287651328                                {product} {ergonomic}
   size_t MinHeapDeltaBytes                        = 1048576                                   {product} {ergonomic}
   size_t MinHeapSize                              = 8388608                                   {product} {ergonomic}
    uintx NonNMethodCodeHeapSize                   = 5839372                                {pd product} {ergonomic}
    uintx NonProfiledCodeHeapSize                  = 122909434                              {pd product} {ergonomic}
    uintx ProfiledCodeHeapSize                     = 122909434                              {pd product} {ergonomic}
    uintx ReservedCodeCacheSize                    = 251658240                              {pd product} {ergonomic}
     bool SegmentedCodeCache                       = true                                      {product} {ergonomic}
   size_t SoftMaxHeapSize                          = 2147483648                             {manageable} {ergonomic}
     bool UseCompressedOops                        = true                           {product lp64_product} {ergonomic}
     bool UseG1GC                                  = true                                      {product} {ergonomic}
     bool UseLargePagesIndividualAllocation        = false                                  {pd product} {ergonomic}

Logging:
Log output configuration:
 #0: stdout all=warning uptime,level,tags foldmultilines=false
 #1: stderr all=off uptime,level,tags foldmultilines=false

Environment Variables:
JAVA_HOME=C:\Program Files\RedHat\java-21-openjdk-21.0.9.0.10-1
PATH=C:\app\dell\product\21c\dbhomeXE\bin;C:\Program Files\Common Files\Oracle\Java\javapath;C:\Python314\Scripts\;C:\Python314\;C:\WINDOWS\system32;C:\WINDOWS;C:\WINDOWS\System32\Wbem;C:\WINDOWS\System32\WindowsPowerShell\v1.0\;C:\WINDOWS\System32\OpenSSH\;C:\Program Files\RedHat\java-21-openjdk-21.0.9.0.10-1\bin;C:\Program Files\nodejs\;C:\ProgramData\chocolatey\bin;C:\Program Files\Git\cmd;C:\Users\dell\AppData\Local\Microsoft\WindowsApps;C:\Users\dell\AppData\Local\Programs\Microsoft VS Code\bin;C:\Program Files\RedHat\java-21-openjdk-21.0.9.0.10-1\bin;C:\Users\dell\AppData\Roaming\npm;C:\Users\dell\AppData\Local\Programs\mongosh\;C:\ProgramData\dell\GitHubDesktop\bin;C:\Users\dell\AppData\Local\GitHubDesktop\bin;C:\Users\dell\AppData\Local\Programs\Antigravity\bin
USERNAME=dell
OS=Windows_NT
PROCESSOR_IDENTIFIER=Intel64 Family 6 Model 140 Stepping 1, GenuineIntel
TMP=C:\Users\dell\AppData\Local\Temp
TEMP=C:\Users\dell\AppData\Local\Temp




Periodic native trim disabled

JNI global refs:
JNI global refs: 24, weak refs: 0

JNI global refs memory usage: 835, weak refs: 833

Process memory usage:
Resident Set Size: 234072K (1% of 16139652K total physical memory with 845584K free physical memory)

OOME stack traces (most recent first):
Classloader memory used:
Loader org.gradle.internal.classloader.VisitableURLClassLoader                         : 20044K
Loader bootstrap                                                                       : 18917K
Loader org.gradle.initialization.MixInLegacyTypesClassLoader                           : 4256K
Loader jdk.internal.loader.ClassLoaders$AppClassLoader                                 : 237K
Loader jdk.internal.loader.ClassLoaders$PlatformClassLoader                            : 167K
Loader org.gradle.groovy.scripts.internal.DefaultScriptCompilationHandler$ScriptClassLoader: 6352B

Classes loaded by more than one classloader:
Class org.gradle.internal.classloader.FilteringClassLoader                            : loaded 2 times (x 105B)
Class org.gradle.internal.classloader.ClassLoaderHierarchy                            : loaded 2 times (x 70B)
Class org.gradle.api.internal.classpath.ManifestUtil                                  : loaded 2 times (x 71B)
Class org.gradle.internal.classloader.DefaultClassLoaderFactory                       : loaded 2 times (x 82B)
Class org.gradle.internal.classloader.ClassLoaderVisitor                              : loaded 2 times (x 76B)
Class org.gradle.api.internal.classpath.EffectiveClassPath                            : loaded 2 times (x 90B)
Class org.gradle.api.internal.DefaultClassPathProvider                                : loaded 2 times (x 76B)
Class [Lorg.gradle.api.internal.ClassPathProvider;                                    : loaded 2 times (x 69B)
Class org.gradle.api.internal.ClassPathProvider                                       : loaded 2 times (x 70B)
Class org.gradle.internal.service.UnknownServiceException                             : loaded 2 times (x 83B)
Class org.gradle.internal.classpath.TransformedClassPath                              : loaded 2 times (x 96B)
Class org.gradle.internal.classloader.InstrumentingClassLoader                        : loaded 2 times (x 70B)
Class org.gradle.internal.service.ServiceLocator                                      : loaded 2 times (x 70B)
Class org.gradle.internal.InternalTransformer                                         : loaded 2 times (x 70B)
Class org.gradle.internal.classloader.ClasspathUtil$1                                 : loaded 2 times (x 76B)
Class org.gradle.api.internal.classpath.DefaultModuleRegistry$DefaultModule           : loaded 2 times (x 86B)
Class org.gradle.api.internal.classpath.Module                                        : loaded 2 times (x 70B)
Class org.gradle.api.internal.classpath.UnknownModuleException                        : loaded 2 times (x 82B)
Class org.gradle.api.internal.DefaultClassPathRegistry                                : loaded 2 times (x 76B)
Class org.gradle.api.internal.ClassPathRegistry                                       : loaded 2 times (x 70B)
Class org.gradle.internal.classpath.DefaultClassPath$ImmutableUniqueList              : loaded 2 times (x 199B)
Class org.gradle.internal.classpath.ClassPath                                         : loaded 2 times (x 70B)
Class org.gradle.api.UncheckedIOException                                             : loaded 2 times (x 82B)
Class org.gradle.internal.installation.GradleInstallation$1                           : loaded 2 times (x 75B)
Class org.gradle.api.internal.classpath.ModuleRegistry                                : loaded 2 times (x 70B)
Class org.gradle.api.internal.classpath.DefaultModuleRegistry                         : loaded 2 times (x 86B)
Class org.gradle.internal.service.ServiceLookupException                              : loaded 2 times (x 82B)
Class org.gradle.internal.classloader.ClassLoaderFactory                              : loaded 2 times (x 70B)
Class org.gradle.internal.service.CachingServiceLocator                               : loaded 2 times (x 82B)
Class org.gradle.internal.classloader.ClasspathUtil                                   : loaded 2 times (x 71B)
Class org.gradle.api.specs.Spec                                                       : loaded 2 times (x 70B)
Class org.gradle.internal.classloader.VisitableURLClassLoader$InstrumentingVisitableURLClassLoader: loaded 2 times (x 123B)
Class org.gradle.internal.classloader.VisitableURLClassLoader$Spec                    : loaded 2 times (x 74B)
Class org.gradle.internal.classpath.DefaultClassPath                                  : loaded 2 times (x 90B)
Class org.gradle.internal.classloader.ClassLoaderSpec                                 : loaded 2 times (x 71B)
Class org.gradle.internal.classloader.VisitableURLClassLoader                         : loaded 2 times (x 117B)
Class org.gradle.internal.Cast                                                        : loaded 2 times (x 71B)
Class org.gradle.api.Action                                                           : loaded 2 times (x 70B)
Class org.gradle.internal.classpath.DefaultClassPath$ImmutableUniqueList$Builder      : loaded 2 times (x 75B)
Class org.gradle.api.GradleException                                                  : loaded 2 times (x 82B)
Class org.gradle.internal.IoActions                                                   : loaded 2 times (x 71B)
Class org.gradle.internal.classloader.SystemClassLoaderSpec                           : loaded 2 times (x 71B)
Class org.gradle.api.internal.classpath.GlobalCacheRootsProvider                      : loaded 2 times (x 70B)
Class org.gradle.internal.installation.CurrentGradleInstallationLocator               : loaded 2 times (x 71B)
Class org.gradle.internal.service.DefaultServiceLocator                               : loaded 2 times (x 83B)
Class org.gradle.internal.installation.CurrentGradleInstallation                      : loaded 2 times (x 73B)
Class org.gradle.util.internal.GUtil                                                  : loaded 2 times (x 71B)
Class org.gradle.internal.installation.GradleInstallation                             : loaded 2 times (x 75B)

---------------  S Y S T E M  ---------------

OS:
 Windows 11 , 64 bit Build 26100 (10.0.26100.8246)
OS uptime: 4 days 20:59 hours
Hyper-V role detected

CPU: total 8 (initial active 8) (4 cores per cpu, 2 threads per core) family 6 model 140 stepping 1 microcode 0xbe, cx8, cmov, fxsr, ht, mmx, 3dnowpref, sse, sse2, sse3, ssse3, sse4.1, sse4.2, popcnt, lzcnt, tsc, tscinvbit, avx, avx2, aes, erms, clmul, bmi1, bmi2, adx, avx512f, avx512dq, avx512cd, avx512bw, avx512vl, sha, fma, vzeroupper, avx512_vpopcntdq, avx512_vpclmulqdq, avx512_vaes, avx512_vnni, clflush, clflushopt, clwb, avx512_vbmi2, avx512_vbmi, hv, rdtscp, rdpid, fsrm, gfni, avx512_bitalg, f16c, cet_ibt, cet_ss, avx512_ifma
Processor Information for the first 8 processors :
  Max Mhz: 1805, Current Mhz: 1805, Mhz Limit: 1805

Memory: 4k page, system-wide physical 15761M (823M free)
TotalPageFile size 23953M (AvailPageFile size 3M)
current process WorkingSet (physical memory assigned to process): 228M, peak: 230M
current process commit charge ("private bytes"): 269M, peak: 383M

vm_info: OpenJDK 64-Bit Server VM (21.0.8+-14196175-b1038.72) for windows-amd64 JRE (21.0.8+-14196175-b1038.72), built on 2025-10-01T10:24:33Z by "builder" with MS VC++ 16.10 / 16.11 (VS2019)

END.
